<?xml version="1.0" encoding="UTF-8"?>
<testsuite name="com.waylau.helloworld.controller.HelloControllerTest" tests="1" skipped="0" failures="0" errors="0" timestamp="2019-07-25T11:46:42" hostname="lindembp" time="0.039">
  <properties/>
  <testcase name="contextLoads()" classname="com.waylau.helloworld.controller.HelloControllerTest" time="0.039"/>
  <system-out><![CDATA[2019-07-25 19:46:42.196  INFO 2352 --- [    Test worker] .b.t.c.SpringBootTestContextBootstrapper : Neither @ContextConfiguration nor @ContextHierarchy found for test class [com.waylau.helloworld.controller.HelloControllerTest], using SpringBootContextLoader
2019-07-25 19:46:42.197  INFO 2352 --- [    Test worker] o.s.t.c.support.AbstractContextLoader    : Could not detect default resource locations for test class [com.waylau.helloworld.controller.HelloControllerTest]: no resource found for suffixes {-context.xml, Context.groovy}.
2019-07-25 19:46:42.197  INFO 2352 --- [    Test worker] t.c.s.AnnotationConfigContextLoaderUtils : Could not detect default configuration classes for test class [com.waylau.helloworld.controller.HelloControllerTest]: HelloControllerTest does not declare any static, non-private, non-final, nested classes annotated with @Configuration.
2019-07-25 19:46:42.205  INFO 2352 --- [    Test worker] .b.t.c.SpringBootTestContextBootstrapper : Found @SpringBootConfiguration com.waylau.helloworld.HelloWorldApplication for test class com.waylau.helloworld.controller.HelloControllerTest
2019-07-25 19:46:42.206  INFO 2352 --- [    Test worker] .b.t.c.SpringBootTestContextBootstrapper : Loaded default TestExecutionListener class names from location [META-INF/spring.factories]: [org.springframework.boot.test.autoconfigure.restdocs.RestDocsTestExecutionListener, org.springframework.boot.test.autoconfigure.web.client.MockRestServiceServerResetTestExecutionListener, org.springframework.boot.test.autoconfigure.web.servlet.MockMvcPrintOnlyOnFailureTestExecutionListener, org.springframework.boot.test.autoconfigure.web.servlet.WebDriverTestExecutionListener, org.springframework.boot.test.mock.mockito.MockitoTestExecutionListener, org.springframework.boot.test.mock.mockito.ResetMocksTestExecutionListener, org.springframework.test.context.web.ServletTestExecutionListener, org.springframework.test.context.support.DirtiesContextBeforeModesTestExecutionListener, org.springframework.test.context.support.DependencyInjectionTestExecutionListener, org.springframework.test.context.support.DirtiesContextTestExecutionListener, org.springframework.test.context.transaction.TransactionalTestExecutionListener, org.springframework.test.context.jdbc.SqlScriptsTestExecutionListener, org.springframework.test.context.event.EventPublishingTestExecutionListener]
2019-07-25 19:46:42.207  INFO 2352 --- [    Test worker] .b.t.c.SpringBootTestContextBootstrapper : Using TestExecutionListeners: [org.springframework.test.context.web.ServletTestExecutionListener@4c270324, org.springframework.test.context.support.DirtiesContextBeforeModesTestExecutionListener@62cbfbcd, org.springframework.boot.test.mock.mockito.MockitoTestExecutionListener@3a790f9b, org.springframework.boot.test.autoconfigure.SpringBootDependencyInjectionTestExecutionListener@4dd950c5, org.springframework.test.context.support.DirtiesContextTestExecutionListener@39934479, org.springframework.test.context.event.EventPublishingTestExecutionListener@43bc515, org.springframework.boot.test.autoconfigure.restdocs.RestDocsTestExecutionListener@76cc07de, org.springframework.boot.test.autoconfigure.web.client.MockRestServiceServerResetTestExecutionListener@71142eba, org.springframework.boot.test.autoconfigure.web.servlet.MockMvcPrintOnlyOnFailureTestExecutionListener@52070c6d, org.springframework.boot.test.autoconfigure.web.servlet.WebDriverTestExecutionListener@84e7855, org.springframework.boot.test.mock.mockito.ResetMocksTestExecutionListener@1eaa7c75]

  .   ____          _            __ _ _
 /\\ / ___'_ __ _ _(_)_ __  __ _ \ \ \ \
( ( )\___ | '_ | '_| | '_ \/ _` | \ \ \ \
 \\/  ___)| |_)| | | | | || (_| |  ) ) ) )
  '  |____| .__|_| |_|_| |_\__, | / / / /
 =========|_|==============|___/=/_/_/_/
 :: Spring Boot ::  (v2.2.0.BUILD-SNAPSHOT)

2019-07-25 19:46:42.221  INFO 2352 --- [    Test worker] c.w.h.controller.HelloControllerTest     : Starting HelloControllerTest on lindembp with PID 2352 (started by lin in /Users/lin/Code/IdeaWorkSpace/blog/hello-world)
2019-07-25 19:46:42.222  INFO 2352 --- [    Test worker] c.w.h.controller.HelloControllerTest     : No active profile set, falling back to default profiles: default
2019-07-25 19:46:42.479  INFO 2352 --- [    Test worker] o.s.s.concurrent.ThreadPoolTaskExecutor  : Initializing ExecutorService 'applicationTaskExecutor'
2019-07-25 19:46:42.579  INFO 2352 --- [    Test worker] o.s.b.t.m.w.SpringBootMockServletContext : Initializing Spring TestDispatcherServlet ''
2019-07-25 19:46:42.579  INFO 2352 --- [    Test worker] o.s.t.web.servlet.TestDispatcherServlet  : Initializing Servlet ''
2019-07-25 19:46:42.587  INFO 2352 --- [    Test worker] o.s.t.web.servlet.TestDispatcherServlet  : Completed initialization in 7 ms
2019-07-25 19:46:42.592  INFO 2352 --- [    Test worker] c.w.h.controller.HelloControllerTest     : Started HelloControllerTest in 0.384 seconds (JVM running for 2.374)
]]></system-out>
  <system-err><![CDATA[]]></system-err>
</testsuite>
