<?xml version="1.0" encoding="UTF-8"?>
<testsuite name="com.waylau.helloworld.HelloWorldApplicationTests" tests="1" skipped="0" failures="0" errors="0" timestamp="2019-07-25T11:46:42" hostname="lindembp" time="0.179">
  <properties/>
  <testcase name="contextLoads()" classname="com.waylau.helloworld.HelloWorldApplicationTests" time="0.179"/>
  <system-out><![CDATA[19:46:40.741 [Test worker] DEBUG org.springframework.test.context.BootstrapUtils - Instantiating CacheAwareContextLoaderDelegate from class [org.springframework.test.context.cache.DefaultCacheAwareContextLoaderDelegate]
19:46:40.752 [Test worker] DEBUG org.springframework.test.context.BootstrapUtils - Instantiating BootstrapContext using constructor [public org.springframework.test.context.support.DefaultBootstrapContext(java.lang.Class,org.springframework.test.context.CacheAwareContextLoaderDelegate)]
19:46:40.771 [Test worker] DEBUG org.springframework.test.context.BootstrapUtils - Instantiating TestContextBootstrapper for test class [com.waylau.helloworld.HelloWorldApplicationTests] from class [org.springframework.boot.test.context.SpringBootTestContextBootstrapper]
19:46:40.782 [Test worker] INFO org.springframework.boot.test.context.SpringBootTestContextBootstrapper - Neither @ContextConfiguration nor @ContextHierarchy found for test class [com.waylau.helloworld.HelloWorldApplicationTests], using SpringBootContextLoader
19:46:40.786 [Test worker] DEBUG org.springframework.test.context.support.AbstractContextLoader - Did not detect default resource location for test class [com.waylau.helloworld.HelloWorldApplicationTests]: class path resource [com/waylau/helloworld/HelloWorldApplicationTests-context.xml] does not exist
19:46:40.787 [Test worker] DEBUG org.springframework.test.context.support.AbstractContextLoader - Did not detect default resource location for test class [com.waylau.helloworld.HelloWorldApplicationTests]: class path resource [com/waylau/helloworld/HelloWorldApplicationTestsContext.groovy] does not exist
19:46:40.787 [Test worker] INFO org.springframework.test.context.support.AbstractContextLoader - Could not detect default resource locations for test class [com.waylau.helloworld.HelloWorldApplicationTests]: no resource found for suffixes {-context.xml, Context.groovy}.
19:46:40.788 [Test worker] INFO org.springframework.test.context.support.AnnotationConfigContextLoaderUtils - Could not detect default configuration classes for test class [com.waylau.helloworld.HelloWorldApplicationTests]: HelloWorldApplicationTests does not declare any static, non-private, non-final, nested classes annotated with @Configuration.
19:46:40.812 [Test worker] DEBUG org.springframework.test.context.support.ActiveProfilesUtils - Could not find an 'annotation declaring class' for annotation type [org.springframework.test.context.ActiveProfiles] and class [com.waylau.helloworld.HelloWorldApplicationTests]
19:46:40.860 [Test worker] DEBUG org.springframework.context.annotation.ClassPathScanningCandidateComponentProvider - Identified candidate component class: file [/Users/lin/Code/IdeaWorkSpace/blog/hello-world/build/classes/java/main/com/waylau/helloworld/HelloWorldApplication.class]
19:46:40.860 [Test worker] INFO org.springframework.boot.test.context.SpringBootTestContextBootstrapper - Found @SpringBootConfiguration com.waylau.helloworld.HelloWorldApplication for test class com.waylau.helloworld.HelloWorldApplicationTests
19:46:40.922 [Test worker] DEBUG org.springframework.boot.test.context.SpringBootTestContextBootstrapper - @TestExecutionListeners is not present for class [com.waylau.helloworld.HelloWorldApplicationTests]: using defaults.
19:46:40.922 [Test worker] INFO org.springframework.boot.test.context.SpringBootTestContextBootstrapper - Loaded default TestExecutionListener class names from location [META-INF/spring.factories]: [org.springframework.boot.test.autoconfigure.restdocs.RestDocsTestExecutionListener, org.springframework.boot.test.autoconfigure.web.client.MockRestServiceServerResetTestExecutionListener, org.springframework.boot.test.autoconfigure.web.servlet.MockMvcPrintOnlyOnFailureTestExecutionListener, org.springframework.boot.test.autoconfigure.web.servlet.WebDriverTestExecutionListener, org.springframework.boot.test.mock.mockito.MockitoTestExecutionListener, org.springframework.boot.test.mock.mockito.ResetMocksTestExecutionListener, org.springframework.test.context.web.ServletTestExecutionListener, org.springframework.test.context.support.DirtiesContextBeforeModesTestExecutionListener, org.springframework.test.context.support.DependencyInjectionTestExecutionListener, org.springframework.test.context.support.DirtiesContextTestExecutionListener, org.springframework.test.context.transaction.TransactionalTestExecutionListener, org.springframework.test.context.jdbc.SqlScriptsTestExecutionListener, org.springframework.test.context.event.EventPublishingTestExecutionListener]
19:46:40.929 [Test worker] DEBUG org.springframework.boot.test.context.SpringBootTestContextBootstrapper - Skipping candidate TestExecutionListener [org.springframework.test.context.transaction.TransactionalTestExecutionListener] due to a missing dependency. Specify custom listener classes or make the default listener classes and their required dependencies available. Offending class: [org/springframework/transaction/interceptor/TransactionAttributeSource]
19:46:40.929 [Test worker] DEBUG org.springframework.boot.test.context.SpringBootTestContextBootstrapper - Skipping candidate TestExecutionListener [org.springframework.test.context.jdbc.SqlScriptsTestExecutionListener] due to a missing dependency. Specify custom listener classes or make the default listener classes and their required dependencies available. Offending class: [org/springframework/transaction/interceptor/TransactionAttribute]
19:46:40.930 [Test worker] INFO org.springframework.boot.test.context.SpringBootTestContextBootstrapper - Using TestExecutionListeners: [org.springframework.test.context.web.ServletTestExecutionListener@1442e34b, org.springframework.test.context.support.DirtiesContextBeforeModesTestExecutionListener@58bf8f0a, org.springframework.boot.test.mock.mockito.MockitoTestExecutionListener@4b5dcc79, org.springframework.boot.test.autoconfigure.SpringBootDependencyInjectionTestExecutionListener@e365141, org.springframework.test.context.support.DirtiesContextTestExecutionListener@deda377, org.springframework.test.context.event.EventPublishingTestExecutionListener@290eba1f, org.springframework.boot.test.autoconfigure.restdocs.RestDocsTestExecutionListener@c158543, org.springframework.boot.test.autoconfigure.web.client.MockRestServiceServerResetTestExecutionListener@309561d9, org.springframework.boot.test.autoconfigure.web.servlet.MockMvcPrintOnlyOnFailureTestExecutionListener@50038aa7, org.springframework.boot.test.autoconfigure.web.servlet.WebDriverTestExecutionListener@c811cfa, org.springframework.boot.test.mock.mockito.ResetMocksTestExecutionListener@2c1ebfb4]
19:46:40.932 [Test worker] DEBUG org.springframework.test.context.support.AbstractDirtiesContextTestExecutionListener - Before test class: context [DefaultTestContext@4756eb58 testClass = HelloWorldApplicationTests, testInstance = [null], testMethod = [null], testException = [null], mergedContextConfiguration = [WebMergedContextConfiguration@790554da testClass = HelloWorldApplicationTests, locations = '{}', classes = '{class com.waylau.helloworld.HelloWorldApplication}', contextInitializerClasses = '[]', activeProfiles = '{}', propertySourceLocations = '{}', propertySourceProperties = '{org.springframework.boot.test.context.SpringBootTestContextBootstrapper=true}', contextCustomizers = set[org.springframework.boot.test.autoconfigure.properties.PropertyMappingContextCustomizer@0, org.springframework.boot.test.autoconfigure.web.servlet.WebDriverContextCustomizerFactory$Customizer@7389cd69, org.springframework.boot.test.context.filter.ExcludeFilterContextCustomizer@6b7b2087, org.springframework.boot.test.json.DuplicateJsonObjectContextCustomizerFactory$DuplicateJsonObjectContextCustomizer@5e3e5af4, org.springframework.boot.test.mock.mockito.MockitoContextCustomizer@0, org.springframework.boot.test.web.client.TestRestTemplateContextCustomizer@cd73d6], resourceBasePath = 'src/main/webapp', contextLoader = 'org.springframework.boot.test.context.SpringBootContextLoader', parent = [null]], attributes = map['org.springframework.test.context.web.ServletTestExecutionListener.activateListener' -> true]], class annotated with @DirtiesContext [false] with mode [null].
19:46:40.952 [Test worker] DEBUG org.springframework.test.context.support.TestPropertySourceUtils - Adding inlined properties to environment: {spring.jmx.enabled=false, org.springframework.boot.test.context.SpringBootTestContextBootstrapper=true, server.port=-1}

  .   ____          _            __ _ _
 /\\ / ___'_ __ _ _(_)_ __  __ _ \ \ \ \
( ( )\___ | '_ | '_| | '_ \/ _` | \ \ \ \
 \\/  ___)| |_)| | | | | || (_| |  ) ) ) )
  '  |____| .__|_| |_|_| |_\__, | / / / /
 =========|_|==============|___/=/_/_/_/
 :: Spring Boot ::  (v2.2.0.BUILD-SNAPSHOT)

2019-07-25 19:46:41.117  INFO 2352 --- [    Test worker] c.w.h.HelloWorldApplicationTests         : Starting HelloWorldApplicationTests on lindembp with PID 2352 (started by lin in /Users/lin/Code/IdeaWorkSpace/blog/hello-world)
2019-07-25 19:46:41.118  INFO 2352 --- [    Test worker] c.w.h.HelloWorldApplicationTests         : No active profile set, falling back to default profiles: default
2019-07-25 19:46:41.807  INFO 2352 --- [    Test worker] o.s.s.concurrent.ThreadPoolTaskExecutor  : Initializing ExecutorService 'applicationTaskExecutor'
2019-07-25 19:46:42.000  INFO 2352 --- [    Test worker] c.w.h.HelloWorldApplicationTests         : Started HelloWorldApplicationTests in 1.042 seconds (JVM running for 1.782)
]]></system-out>
  <system-err><![CDATA[]]></system-err>
</testsuite>
