<?xml version="1.0" encoding="UTF-8"?>
<testsuite name="com.waylau.helloworld.HelloWorldApplicationTests" tests="1" skipped="0" failures="0" errors="0" timestamp="2019-07-25T14:52:36" hostname="lindembp" time="0.183">
  <properties/>
  <testcase name="contextLoads()" classname="com.waylau.helloworld.HelloWorldApplicationTests" time="0.183"/>
  <system-out><![CDATA[22:52:35.720 [Test worker] DEBUG org.springframework.test.context.BootstrapUtils - Instantiating CacheAwareContextLoaderDelegate from class [org.springframework.test.context.cache.DefaultCacheAwareContextLoaderDelegate]
22:52:35.730 [Test worker] DEBUG org.springframework.test.context.BootstrapUtils - Instantiating BootstrapContext using constructor [public org.springframework.test.context.support.DefaultBootstrapContext(java.lang.Class,org.springframework.test.context.CacheAwareContextLoaderDelegate)]
22:52:35.748 [Test worker] DEBUG org.springframework.test.context.BootstrapUtils - Instantiating TestContextBootstrapper for test class [com.waylau.helloworld.HelloWorldApplicationTests] from class [org.springframework.boot.test.context.SpringBootTestContextBootstrapper]
22:52:35.758 [Test worker] INFO org.springframework.boot.test.context.SpringBootTestContextBootstrapper - Neither @ContextConfiguration nor @ContextHierarchy found for test class [com.waylau.helloworld.HelloWorldApplicationTests], using SpringBootContextLoader
22:52:35.761 [Test worker] DEBUG org.springframework.test.context.support.AbstractContextLoader - Did not detect default resource location for test class [com.waylau.helloworld.HelloWorldApplicationTests]: class path resource [com/waylau/helloworld/HelloWorldApplicationTests-context.xml] does not exist
22:52:35.761 [Test worker] DEBUG org.springframework.test.context.support.AbstractContextLoader - Did not detect default resource location for test class [com.waylau.helloworld.HelloWorldApplicationTests]: class path resource [com/waylau/helloworld/HelloWorldApplicationTestsContext.groovy] does not exist
22:52:35.761 [Test worker] INFO org.springframework.test.context.support.AbstractContextLoader - Could not detect default resource locations for test class [com.waylau.helloworld.HelloWorldApplicationTests]: no resource found for suffixes {-context.xml, Context.groovy}.
22:52:35.762 [Test worker] INFO org.springframework.test.context.support.AnnotationConfigContextLoaderUtils - Could not detect default configuration classes for test class [com.waylau.helloworld.HelloWorldApplicationTests]: HelloWorldApplicationTests does not declare any static, non-private, non-final, nested classes annotated with @Configuration.
22:52:35.784 [Test worker] DEBUG org.springframework.test.context.support.ActiveProfilesUtils - Could not find an 'annotation declaring class' for annotation type [org.springframework.test.context.ActiveProfiles] and class [com.waylau.helloworld.HelloWorldApplicationTests]
22:52:35.827 [Test worker] DEBUG org.springframework.context.annotation.ClassPathScanningCandidateComponentProvider - Identified candidate component class: file [/Users/lin/Code/IdeaWorkSpace/blog/thymeleaf-in-action/build/classes/java/main/com/waylau/helloworld/HelloWorldApplication.class]
22:52:35.828 [Test worker] INFO org.springframework.boot.test.context.SpringBootTestContextBootstrapper - Found @SpringBootConfiguration com.waylau.helloworld.HelloWorldApplication for test class com.waylau.helloworld.HelloWorldApplicationTests
22:52:35.888 [Test worker] DEBUG org.springframework.boot.test.context.SpringBootTestContextBootstrapper - @TestExecutionListeners is not present for class [com.waylau.helloworld.HelloWorldApplicationTests]: using defaults.
22:52:35.889 [Test worker] INFO org.springframework.boot.test.context.SpringBootTestContextBootstrapper - Loaded default TestExecutionListener class names from location [META-INF/spring.factories]: [org.springframework.boot.test.autoconfigure.restdocs.RestDocsTestExecutionListener, org.springframework.boot.test.autoconfigure.web.client.MockRestServiceServerResetTestExecutionListener, org.springframework.boot.test.autoconfigure.web.servlet.MockMvcPrintOnlyOnFailureTestExecutionListener, org.springframework.boot.test.autoconfigure.web.servlet.WebDriverTestExecutionListener, org.springframework.boot.test.mock.mockito.MockitoTestExecutionListener, org.springframework.boot.test.mock.mockito.ResetMocksTestExecutionListener, org.springframework.test.context.web.ServletTestExecutionListener, org.springframework.test.context.support.DirtiesContextBeforeModesTestExecutionListener, org.springframework.test.context.support.DependencyInjectionTestExecutionListener, org.springframework.test.context.support.DirtiesContextTestExecutionListener, org.springframework.test.context.transaction.TransactionalTestExecutionListener, org.springframework.test.context.jdbc.SqlScriptsTestExecutionListener, org.springframework.test.context.event.EventPublishingTestExecutionListener]
22:52:35.895 [Test worker] DEBUG org.springframework.boot.test.context.SpringBootTestContextBootstrapper - Skipping candidate TestExecutionListener [org.springframework.test.context.transaction.TransactionalTestExecutionListener] due to a missing dependency. Specify custom listener classes or make the default listener classes and their required dependencies available. Offending class: [org/springframework/transaction/TransactionDefinition]
22:52:35.896 [Test worker] DEBUG org.springframework.boot.test.context.SpringBootTestContextBootstrapper - Skipping candidate TestExecutionListener [org.springframework.test.context.jdbc.SqlScriptsTestExecutionListener] due to a missing dependency. Specify custom listener classes or make the default listener classes and their required dependencies available. Offending class: [org/springframework/transaction/interceptor/TransactionAttribute]
22:52:35.896 [Test worker] INFO org.springframework.boot.test.context.SpringBootTestContextBootstrapper - Using TestExecutionListeners: [org.springframework.test.context.web.ServletTestExecutionListener@1f884e4f, org.springframework.test.context.support.DirtiesContextBeforeModesTestExecutionListener@653663a8, org.springframework.boot.test.mock.mockito.MockitoTestExecutionListener@3ecaa15c, org.springframework.boot.test.autoconfigure.SpringBootDependencyInjectionTestExecutionListener@4993fb2, org.springframework.test.context.support.DirtiesContextTestExecutionListener@59bee358, org.springframework.test.context.event.EventPublishingTestExecutionListener@fc3e0e4, org.springframework.boot.test.autoconfigure.restdocs.RestDocsTestExecutionListener@64686001, org.springframework.boot.test.autoconfigure.web.client.MockRestServiceServerResetTestExecutionListener@2941a791, org.springframework.boot.test.autoconfigure.web.servlet.MockMvcPrintOnlyOnFailureTestExecutionListener@74b25c2, org.springframework.boot.test.autoconfigure.web.servlet.WebDriverTestExecutionListener@179f310f, org.springframework.boot.test.mock.mockito.ResetMocksTestExecutionListener@30d02395]
22:52:35.898 [Test worker] DEBUG org.springframework.test.context.support.AbstractDirtiesContextTestExecutionListener - Before test class: context [DefaultTestContext@7a221847 testClass = HelloWorldApplicationTests, testInstance = [null], testMethod = [null], testException = [null], mergedContextConfiguration = [WebMergedContextConfiguration@edb4884 testClass = HelloWorldApplicationTests, locations = '{}', classes = '{class com.waylau.helloworld.HelloWorldApplication}', contextInitializerClasses = '[]', activeProfiles = '{}', propertySourceLocations = '{}', propertySourceProperties = '{org.springframework.boot.test.context.SpringBootTestContextBootstrapper=true}', contextCustomizers = set[org.springframework.boot.test.autoconfigure.properties.PropertyMappingContextCustomizer@0, org.springframework.boot.test.autoconfigure.web.servlet.WebDriverContextCustomizerFactory$Customizer@478bc19b, org.springframework.boot.test.context.filter.ExcludeFilterContextCustomizer@14441ab2, org.springframework.boot.test.json.DuplicateJsonObjectContextCustomizerFactory$DuplicateJsonObjectContextCustomizer@7961eb5c, org.springframework.boot.test.mock.mockito.MockitoContextCustomizer@0, org.springframework.boot.test.web.client.TestRestTemplateContextCustomizer@24fa78f8], resourceBasePath = 'src/main/webapp', contextLoader = 'org.springframework.boot.test.context.SpringBootContextLoader', parent = [null]], attributes = map['org.springframework.test.context.web.ServletTestExecutionListener.activateListener' -> true]], class annotated with @DirtiesContext [false] with mode [null].
22:52:35.916 [Test worker] DEBUG org.springframework.test.context.support.TestPropertySourceUtils - Adding inlined properties to environment: {spring.jmx.enabled=false, org.springframework.boot.test.context.SpringBootTestContextBootstrapper=true, server.port=-1}

  .   ____          _            __ _ _
 /\\ / ___'_ __ _ _(_)_ __  __ _ \ \ \ \
( ( )\___ | '_ | '_| | '_ \/ _` | \ \ \ \
 \\/  ___)| |_)| | | | | || (_| |  ) ) ) )
  '  |____| .__|_| |_|_| |_\__, | / / / /
 =========|_|==============|___/=/_/_/_/
 :: Spring Boot ::  (v2.2.0.BUILD-SNAPSHOT)

2019-07-25 22:52:36.072  INFO 4114 --- [    Test worker] c.w.h.HelloWorldApplicationTests         : Starting HelloWorldApplicationTests on lindembp with PID 4114 (started by lin in /Users/lin/Code/IdeaWorkSpace/blog/thymeleaf-in-action)
2019-07-25 22:52:36.073  INFO 4114 --- [    Test worker] c.w.h.HelloWorldApplicationTests         : No active profile set, falling back to default profiles: default
2019-07-25 22:52:36.762  INFO 4114 --- [    Test worker] o.s.s.concurrent.ThreadPoolTaskExecutor  : Initializing ExecutorService 'applicationTaskExecutor'
2019-07-25 22:52:36.979  INFO 4114 --- [    Test worker] c.w.h.HelloWorldApplicationTests         : Started HelloWorldApplicationTests in 1.057 seconds (JVM running for 1.763)
]]></system-out>
  <system-err><![CDATA[]]></system-err>
</testsuite>
