<?xml version="1.0" encoding="UTF-8"?>
<testsuite name="com.waylau.helloworld.controller.HelloControllerTest" tests="1" skipped="0" failures="0" errors="0" timestamp="2019-07-25T14:52:37" hostname="lindembp" time="0.044">
  <properties/>
  <testcase name="contextLoads()" classname="com.waylau.helloworld.controller.HelloControllerTest" time="0.044"/>
  <system-out><![CDATA[2019-07-25 22:52:37.179  INFO 4114 --- [    Test worker] .b.t.c.SpringBootTestContextBootstrapper : Neither @ContextConfiguration nor @ContextHierarchy found for test class [com.waylau.helloworld.controller.HelloControllerTest], using SpringBootContextLoader
2019-07-25 22:52:37.180  INFO 4114 --- [    Test worker] o.s.t.c.support.AbstractContextLoader    : Could not detect default resource locations for test class [com.waylau.helloworld.controller.HelloControllerTest]: no resource found for suffixes {-context.xml, Context.groovy}.
2019-07-25 22:52:37.180  INFO 4114 --- [    Test worker] t.c.s.AnnotationConfigContextLoaderUtils : Could not detect default configuration classes for test class [com.waylau.helloworld.controller.HelloControllerTest]: HelloControllerTest does not declare any static, non-private, non-final, nested classes annotated with @Configuration.
2019-07-25 22:52:37.190  INFO 4114 --- [    Test worker] .b.t.c.SpringBootTestContextBootstrapper : Found @SpringBootConfiguration com.waylau.helloworld.HelloWorldApplication for test class com.waylau.helloworld.controller.HelloControllerTest
2019-07-25 22:52:37.191  INFO 4114 --- [    Test worker] .b.t.c.SpringBootTestContextBootstrapper : Loaded default TestExecutionListener class names from location [META-INF/spring.factories]: [org.springframework.boot.test.autoconfigure.restdocs.RestDocsTestExecutionListener, org.springframework.boot.test.autoconfigure.web.client.MockRestServiceServerResetTestExecutionListener, org.springframework.boot.test.autoconfigure.web.servlet.MockMvcPrintOnlyOnFailureTestExecutionListener, org.springframework.boot.test.autoconfigure.web.servlet.WebDriverTestExecutionListener, org.springframework.boot.test.mock.mockito.MockitoTestExecutionListener, org.springframework.boot.test.mock.mockito.ResetMocksTestExecutionListener, org.springframework.test.context.web.ServletTestExecutionListener, org.springframework.test.context.support.DirtiesContextBeforeModesTestExecutionListener, org.springframework.test.context.support.DependencyInjectionTestExecutionListener, org.springframework.test.context.support.DirtiesContextTestExecutionListener, org.springframework.test.context.transaction.TransactionalTestExecutionListener, org.springframework.test.context.jdbc.SqlScriptsTestExecutionListener, org.springframework.test.context.event.EventPublishingTestExecutionListener]
2019-07-25 22:52:37.192  INFO 4114 --- [    Test worker] .b.t.c.SpringBootTestContextBootstrapper : Using TestExecutionListeners: [org.springframework.test.context.web.ServletTestExecutionListener@7d99bb52, org.springframework.test.context.support.DirtiesContextBeforeModesTestExecutionListener@2a45d47d, org.springframework.boot.test.mock.mockito.MockitoTestExecutionListener@70ea73e9, org.springframework.boot.test.autoconfigure.SpringBootDependencyInjectionTestExecutionListener@5cb31fc7, org.springframework.test.context.support.DirtiesContextTestExecutionListener@6cc06c28, org.springframework.test.context.event.EventPublishingTestExecutionListener@6822abf1, org.springframework.boot.test.autoconfigure.restdocs.RestDocsTestExecutionListener@4b74f827, org.springframework.boot.test.autoconfigure.web.client.MockRestServiceServerResetTestExecutionListener@f7d8ba9, org.springframework.boot.test.autoconfigure.web.servlet.MockMvcPrintOnlyOnFailureTestExecutionListener@60331742, org.springframework.boot.test.autoconfigure.web.servlet.WebDriverTestExecutionListener@1db34596, org.springframework.boot.test.mock.mockito.ResetMocksTestExecutionListener@716a23c7]

  .   ____          _            __ _ _
 /\\ / ___'_ __ _ _(_)_ __  __ _ \ \ \ \
( ( )\___ | '_ | '_| | '_ \/ _` | \ \ \ \
 \\/  ___)| |_)| | | | | || (_| |  ) ) ) )
  '  |____| .__|_| |_|_| |_\__, | / / / /
 =========|_|==============|___/=/_/_/_/
 :: Spring Boot ::  (v2.2.0.BUILD-SNAPSHOT)

2019-07-25 22:52:37.207  INFO 4114 --- [    Test worker] c.w.h.controller.HelloControllerTest     : Starting HelloControllerTest on lindembp with PID 4114 (started by lin in /Users/lin/Code/IdeaWorkSpace/blog/thymeleaf-in-action)
2019-07-25 22:52:37.208  INFO 4114 --- [    Test worker] c.w.h.controller.HelloControllerTest     : No active profile set, falling back to default profiles: default
2019-07-25 22:52:37.464  INFO 4114 --- [    Test worker] o.s.s.concurrent.ThreadPoolTaskExecutor  : Initializing ExecutorService 'applicationTaskExecutor'
2019-07-25 22:52:37.578  INFO 4114 --- [    Test worker] o.s.b.t.m.w.SpringBootMockServletContext : Initializing Spring TestDispatcherServlet ''
2019-07-25 22:52:37.578  INFO 4114 --- [    Test worker] o.s.t.web.servlet.TestDispatcherServlet  : Initializing Servlet ''
2019-07-25 22:52:37.586  INFO 4114 --- [    Test worker] o.s.t.web.servlet.TestDispatcherServlet  : Completed initialization in 8 ms
2019-07-25 22:52:37.592  INFO 4114 --- [    Test worker] c.w.h.controller.HelloControllerTest     : Started HelloControllerTest in 0.398 seconds (JVM running for 2.377)
]]></system-out>
  <system-err><![CDATA[]]></system-err>
</testsuite>
